<?xml version="1.0" encoding="UTF-8"?>
<testng-results ignored="0" total="1" passed="1" failed="0" skipped="0">
  <reporter-output>
  </reporter-output>
  <suite started-at="2024-01-20T17:23:34 IST" name="Test Suite for Login and Logout from Demo app" finished-at="2024-01-20T17:24:28 IST" duration-ms="54107">
    <groups>
      <group name="cucumber">
        <method signature="AbstractTestNGCucumberTests.runScenario(io.cucumber.testng.PickleWrapper,io.cucumber.testng.FeatureWrapper)[pri:0, instance:runner.ViewSavingsRunnerTestNG@fbd1f6]" name="runScenario" class="io.cucumber.testng.AbstractTestNGCucumberTests"/>
      </group> <!-- cucumber -->
    </groups>
    <test started-at="2024-01-20T17:23:34 IST" name="TestCycle3" finished-at="2024-01-20T17:24:28 IST" duration-ms="54107">
      <class name="runner.ViewSavingsRunnerTestNG">
        <test-method is-config="true" signature="setUpClass(org.testng.ITestContext)[pri:0, instance:runner.ViewSavingsRunnerTestNG@fbd1f6]" started-at="2024-01-20T17:23:34 IST" name="setUpClass" finished-at="2024-01-20T17:23:37 IST" duration-ms="3150" status="PASS">
          <params>
            <param index="0">
              <value>
                <![CDATA[org.testng.TestRunner@6e068ac9]]>
              </value>
            </param>
          </params>
          <reporter-output>
          </reporter-output>
        </test-method> <!-- setUpClass -->
        <test-method signature="runScenario(io.cucumber.testng.PickleWrapper,io.cucumber.testng.FeatureWrapper)[pri:0, instance:runner.ViewSavingsRunnerTestNG@fbd1f6]" started-at="2024-01-20T17:23:37 IST" name="runScenario" description="Runs Cucumber Scenarios" data-provider="scenarios" finished-at="2024-01-20T17:24:12 IST" duration-ms="35062" status="PASS">
          <params>
            <param index="0">
              <value>
                <![CDATA["Testing Digital bank View savings"]]>
              </value>
            </param>
            <param index="1">
              <value>
                <![CDATA["Testing banking website"]]>
              </value>
            </param>
          </params>
          <reporter-output>
          </reporter-output>
        </test-method> <!-- runScenario -->
        <test-method is-config="true" signature="tearDownClass()[pri:0, instance:runner.ViewSavingsRunnerTestNG@fbd1f6]" started-at="2024-01-20T17:24:12 IST" name="tearDownClass" finished-at="2024-01-20T17:24:28 IST" duration-ms="15598" status="PASS">
          <reporter-output>
          </reporter-output>
        </test-method> <!-- tearDownClass -->
      </class> <!-- runner.ViewSavingsRunnerTestNG -->
    </test> <!-- TestCycle3 -->
  </suite> <!-- Test Suite for Login and Logout from Demo app -->
</testng-results>
